0 info it worked if it ends with ok
1 verbose cli [ 'E:\\Softwares\\nodejs\\node.exe',
1 verbose cli   'E:\\Softwares\\nodejs\\node_modules\\npm\\bin\\npm-cli.js',
1 verbose cli   'run',
1 verbose cli   'build' ]
2 info using npm@3.10.10
3 info using node@v6.10.3
4 verbose run-script [ 'prebuild', 'build', 'postbuild' ]
5 info lifecycle frontend@0.0.0~prebuild: frontend@0.0.0
6 silly lifecycle frontend@0.0.0~prebuild: no script for prebuild, continuing
7 info lifecycle frontend@0.0.0~build: frontend@0.0.0
8 verbose lifecycle frontend@0.0.0~build: unsafe-perm in lifecycle true
9 verbose lifecycle frontend@0.0.0~build: PATH: E:\Softwares\nodejs\node_modules\npm\bin\node-gyp-bin;E:\Workspace-jhipster\TaskApplication\src\main\frontend\node_modules\.bin;C:\ProgramData\Oracle\Java\javapath;C:\WINDOWS\system32;C:\WINDOWS;C:\WINDOWS\System32\Wbem;C:\WINDOWS\System32\WindowsPowerShell\v1.0\;C:\Program Files (x86)\Common Files\lenovo\easyplussdk\bin;C:\Program Files\Intel\WiFi\bin\;C:\Program Files\Common Files\Intel\WirelessCommon\;C:\WINDOWS\system32\config\systemprofile\.dnx\bin;C:\Program Files\Microsoft DNX\Dnvm\;C:\Program Files\Microsoft SQL Server\130\Tools\Binn\;E:\Environment\Maven-3_3_9\apache-maven-3.3.9\bin;C:\Program Files\Amazon\AWSCLI\;C:\Program Files (x86)\Skype\Phone\;E:\Android\sdk\platform-tools;E:\Softwares\nodejs\;E:\HashiCorp\Vagrant\bin;C:\Program Files\Git\cmd;E:\Softwares\Python361;E:\Softwares\Python361\Scripts;E:\Softwares\Anaconda\Scripts;E:\Environment\Java\jdk-8u151\jre\bin;E:\Softwares\yarn\bin;C:\Users\viswa\AppData\Local\atom\bin;C:\Users\viswa\AppData\Roaming\npm;E:\Softwares\Packer;C:\Users\viswa\AppData\Local\Microsoft\WindowsApps;E:\Softwares\Heroku\bin;E:\Softwares\Anaconda\Scripts;C:\Users\viswa\AppData\Local\Yarn\bin
10 verbose lifecycle frontend@0.0.0~build: CWD: E:\Workspace-jhipster\TaskApplication\src\main\frontend
11 silly lifecycle frontend@0.0.0~build: Args: [ '/d /s /c', 'ng build' ]
12 silly lifecycle frontend@0.0.0~build: Returned: code: 1  signal: null
13 info lifecycle frontend@0.0.0~build: Failed to exec build script
14 verbose stack Error: frontend@0.0.0 build: `ng build`
14 verbose stack Exit status 1
14 verbose stack     at EventEmitter.<anonymous> (E:\Softwares\nodejs\node_modules\npm\lib\utils\lifecycle.js:255:16)
14 verbose stack     at emitTwo (events.js:106:13)
14 verbose stack     at EventEmitter.emit (events.js:191:7)
14 verbose stack     at ChildProcess.<anonymous> (E:\Softwares\nodejs\node_modules\npm\lib\utils\spawn.js:40:14)
14 verbose stack     at emitTwo (events.js:106:13)
14 verbose stack     at ChildProcess.emit (events.js:191:7)
14 verbose stack     at maybeClose (internal/child_process.js:886:16)
14 verbose stack     at Process.ChildProcess._handle.onexit (internal/child_process.js:226:5)
15 verbose pkgid frontend@0.0.0
16 verbose cwd E:\Workspace-jhipster\TaskApplication\src\main\frontend
17 error Windows_NT 10.0.16299
18 error argv "E:\\Softwares\\nodejs\\node.exe" "E:\\Softwares\\nodejs\\node_modules\\npm\\bin\\npm-cli.js" "run" "build"
19 error node v6.10.3
20 error npm  v3.10.10
21 error code ELIFECYCLE
22 error frontend@0.0.0 build: `ng build`
22 error Exit status 1
23 error Failed at the frontend@0.0.0 build script 'ng build'.
23 error Make sure you have the latest version of node.js and npm installed.
23 error If you do, this is most likely a problem with the frontend package,
23 error not with npm itself.
23 error Tell the author that this fails on your system:
23 error     ng build
23 error You can get information on how to open an issue for this project with:
23 error     npm bugs frontend
23 error Or if that isn't available, you can get their info via:
23 error     npm owner ls frontend
23 error There is likely additional logging output above.
24 verbose exit [ 1, true ]
